<?xml version="1.0" encoding="UTF-8"?>
<testsuite name="OkHttpAddContact" tests="1" skipped="0" failures="0" errors="0" timestamp="2021-09-09T12:25:58" hostname="localhost.localdomain" time="0.871">
  <properties/>
  <testcase name="AddContactPositiveTest" classname="OkHttpAddContact" time="0.871"/>
  <system-out><![CDATA[13797
]]></system-out>
  <system-err><![CDATA[]]></system-err>
</testsuite>
